<?xml version="1.0" encoding="UTF-8"?>
<!-- Generated by org.testng.reporters.JUnitReportReporter -->
<testsuite hostname="DESKTOP-UUIGUPN" failures="0" tests="1" name="APISuitTest.UpdateMethod" time="0.656" errors="0" timestamp="2022-09-25T02:13:32 GMT+01:00" skipped="0">
  <testcase classname="APISuitTest.UpdateMethod" name="updateElement" time="0.656"/>
  <system-out/>
</testsuite> <!-- APISuitTest.UpdateMethod -->
