<?xml version="1.0" encoding="UTF-8"?>
<!-- Generated by org.testng.reporters.JUnitReportReporter -->
<testsuite hostname="DESKTOP-UUIGUPN" failures="0" tests="1" name="Runner.Runner" time="3.311" errors="0" timestamp="2023-09-22T22:37:06 GMT+01:00" skipped="0">
  <testcase classname="Runner.Runner" name="runScenario" time="3.311"/>
  <system-out/>
</testsuite> <!-- Runner.Runner -->
