<?xml version="1.0" encoding="UTF-8"?>
<!-- Generated by org.testng.reporters.JUnitReportReporter -->
<testsuite hostname="DESKTOP-UUIGUPN" failures="0" tests="1" name="APISuitTest.PostMethod" time="2.889" errors="0" timestamp="2022-09-25T17:01:40 GMT+01:00" skipped="0">
  <testcase classname="APISuitTest.PostMethod" name="PostElement" time="2.889"/>
  <system-out/>
</testsuite> <!-- APISuitTest.PostMethod -->
