<?xml version="1.0" encoding="UTF-8"?>
<!-- Generated by org.testng.reporters.JUnitReportReporter -->
<testsuite hostname="DESKTOP-UUIGUPN" failures="0" tests="1" name="APISuitTest.GetEmployees" time="4.162" errors="0" timestamp="2022-09-25T13:04:42 GMT+01:00" skipped="0">
  <testcase classname="APISuitTest.GetEmployees" name="getEmployees" time="4.162"/>
  <system-out/>
</testsuite> <!-- APISuitTest.GetEmployees -->
