<?xml version="1.0" encoding="UTF-8"?>
<!-- Generated by org.testng.reporters.JUnitReportReporter -->
<testsuite hostname="DESKTOP-UUIGUPN" failures="0" tests="2" name="Runner.Runner" time="5.005" errors="0" timestamp="2022-09-26T23:23:34 GMT+01:00" skipped="0">
  <testcase classname="Runner.Runner" name="runScenario" time="0.815"/>
  <system-out/>
  <testcase classname="Runner.Runner" name="runScenario" time="4.190"/>
  <system-out/>
</testsuite> <!-- Runner.Runner -->
