<?xml version="1.0" encoding="UTF-8"?>
<!-- Generated by org.testng.reporters.JUnitReportReporter -->
<testsuite hostname="DESKTOP-UUIGUPN" failures="0" tests="1" name="DemoTestng.Titre1" time="11.542" errors="0" timestamp="2022-08-19T18:11:47 GMT+01:00" skipped="0">
  <testcase classname="DemoTestng.Titre1" name="Test4" time="11.542"/>
  <system-out/>
</testsuite> <!-- DemoTestng.Titre1 -->
