<?xml version="1.0" encoding="UTF-8"?>
<!-- Generated by org.testng.reporters.JUnitReportReporter -->
<testsuite hostname="DESKTOP-UUIGUPN" failures="0" tests="3" name="DemoTestng.Pack1" time="66.673" errors="0" timestamp="2022-08-19T18:11:06 GMT+01:00" skipped="0">
  <testcase classname="DemoTestng.Pack1" name="test1" time="35.713"/>
  <system-out/>
  <testcase classname="DemoTestng.Pack1" name="test1" time="18.621"/>
  <system-out/>
  <testcase classname="DemoTestng.Pack1" name="test1" time="12.339"/>
  <system-out/>
</testsuite> <!-- DemoTestng.Pack1 -->
